<?xml version="1.0" encoding="UTF-8"?>
<!-- Generated by org.testng.reporters.JUnitReportReporter -->
<testsuite skipped="0" hostname="INHYNVPADIGELA1" name="testPack.First" tests="3" failures="0" timestamp="20 Apr 2018 09:20:01 GMT" time="0.025" errors="0">
  <testcase name="f4" time="0.005" classname="testPack.First"/>
  <testcase name="f5" time="0.003" classname="testPack.First"/>
  <testcase name="f3" time="0.017" classname="testPack.First"/>
</testsuite> <!-- testPack.First -->
