<?xml version="1.0" encoding="UTF-8"?>
<!-- Generated by org.testng.reporters.JUnitReportReporter -->
<testsuite skipped="0" hostname="INHYNVPADIGELA1" name="generalClasses.First" tests="2" failures="0" timestamp="20 Apr 2018 02:40:51 GMT" time="0.004" errors="0">
  <testcase name="f1" time="0.002" classname="generalClasses.First"/>
  <testcase name="f" time="0.002" classname="generalClasses.First"/>
</testsuite> <!-- generalClasses.First -->
