<?xml version="1.0" encoding="UTF-8"?>
<!-- Generated by org.testng.reporters.JUnitReportReporter -->
<testsuite skipped="0" hostname="INHYNVPADIGELA1" name="generalClasses.GoogleSearch" tests="1" failures="0" timestamp="20 Apr 2018 02:40:51 GMT" time="4.148" errors="0">
  <testcase name="f" time="4.148" classname="generalClasses.GoogleSearch"/>
</testsuite> <!-- generalClasses.GoogleSearch -->
